[[Section]] :  LWO testing 
 + [Succes] : Render in VBO (vertex buffor object) 
 + [Check CHAR] : |path| == C:/Grass_17-2.jpg 
[[Section]] :  LWO testing 
 + [Succes] : Render in VBO (vertex buffor object) 
 + [Check CHAR] : |path| == C:/Grass_17-2.jpg 
[[Section]] :  LWO testing 
 + [Succes] : Render in VBO (vertex buffor object) 
 + [Check CHAR] : |path| == D:/projects/compo/data/textures/uvmap2.jpg 
[[Section]] :  LWO testing 
 + [Succes] : Render in VBO (vertex buffor object) 
 + [Check CHAR] : |path| == C:/Grass_17-2.jpg 
[[Section]] :  LWO testing 
 + [Succes] : Render in VBO (vertex buffor object) 
 + [Check CHAR] : |path| == C:/Grass_17-2.jpg 
[[Section]] :  LWO testing 
 + [Succes] : Render in VBO (vertex buffor object) 
 + [Check CHAR] : |path| == D:/projects/compo/data/textures/uvmap2.jpg 
[[Section]] :  LWO testing 
 + [Succes] : Render in VBO (vertex buffor object) 
 + [Check CHAR] : |path| == D:/projects/compo/data/textures/uvmap2.jpg 
[[Section]] :  LWO testing 
 + [Succes] : Render in VBO (vertex buffor object) 
 + [Check CHAR] : |path| == D:/projects/compo/data/textures/rocket.jpg 
[[Section]] :  LWO testing 
 + [Succes] : Render in VBO (vertex buffor object) 
 + [Check CHAR] : |path| == C:/Grass_17-2.jpg 
[[Section]] :  LWO testing 
 + [Succes] : Render in VBO (vertex buffor object) 
 + [Check CHAR] : |path| == D:/projects/compo/data/textures/uvmap2.jpg 
[[Section]] :  LWO testing 
 + [Succes] : Render in VBO (vertex buffor object) 
 + [Check CHAR] : |path| == D:/projects/compo/data/textures/uvmap2.jpg 
[[Section]] :  LWO testing 
 + [Succes] : Render in VBO (vertex buffor object) 
 + [Check CHAR] : |path| == D:/projects/compo/data/textures/rocket.jpg 
[[Section]] :  LWO testing 
 + [Succes] : Render in VBO (vertex buffor object) 
 + [Check CHAR] : |path| == D:/projects/compo/data/textures/radar.jpg 
